Using pre-set license
Built from '2020.3/staging' branch; Version is '2020.3.0f1 (c7b5465681fb) revision 13088070'; Using compiler version '192528614'; Build Type 'Release'
OS: 'Windows 10 Home Single Language; OS build 18363.1440; Version 1909; 64bit' Language: 'pt' Physical Memory: 10178 MB
BatchMode: 1, IsHumanControllingUs: 0, StartBugReporterOnCrash: 0, Is64bit: 1, IsPro: 0

 COMMAND LINE ARGUMENTS:
C:\Program Files\Unity\Hub\Editor\2020.3.0f1\Editor\Unity.exe
-adb2
-batchMode
-noUpm
-name
AssetImportWorker0
-projectPath
C:/Users/baldu/PlatformerGame/Platformer
-logFile
Logs/AssetImportWorker0.log
-srvPort
55977
Successfully changed project path to: C:/Users/baldu/PlatformerGame/Platformer
C:/Users/baldu/PlatformerGame/Platformer
Using Asset Import Pipeline V2.
Refreshing native plugins compatible for Editor in 69.01 ms, found 1 plugins.
Preloading 0 native plugins for Editor in 0.00 ms.
Initialize engine version: 2020.3.0f1 (c7b5465681fb)
[Subsystems] Discovering subsystems at path C:/Program Files/Unity/Hub/Editor/2020.3.0f1/Editor/Data/Resources/UnitySubsystems
[Subsystems] Discovering subsystems at path C:/Users/baldu/PlatformerGame/Platformer/Assets
GfxDevice: creating device client; threaded=0
Direct3D:
    Version:  Direct3D 11.0 [level 11.1]
    Renderer: AMD Radeon(TM) Vega 8 Graphics (ID=0x15d8)
    Vendor:   
    VRAM:     5089 MB
    Driver:   26.20.11028.1002
Initialize mono
Mono path[0] = 'C:/Program Files/Unity/Hub/Editor/2020.3.0f1/Editor/Data/Managed'
Mono path[1] = 'C:/Program Files/Unity/Hub/Editor/2020.3.0f1/Editor/Data/MonoBleedingEdge/lib/mono/unityjit'
Mono config path = 'C:/Program Files/Unity/Hub/Editor/2020.3.0f1/Editor/Data/MonoBleedingEdge/etc'
Using monoOptions --debugger-agent=transport=dt_socket,embedding=1,server=y,suspend=n,address=127.0.0.1:56196
Begin MonoManager ReloadAssembly
Registering precompiled unity dll's ...
Register platform support module: C:/Program Files/Unity/Hub/Editor/2020.3.0f1/Editor/Data/PlaybackEngines/WebGLSupport/UnityEditor.WebGL.Extensions.dll
Register platform support module: C:/Program Files/Unity/Hub/Editor/2020.3.0f1/Editor/Data/PlaybackEngines/WindowsStandaloneSupport/UnityEditor.WindowsStandalone.Extensions.dll
Registered in 0.005111 seconds.
Native extension for WindowsStandalone target not found
Native extension for WebGL target not found
Refreshing native plugins compatible for Editor in 77.92 ms, found 1 plugins.
Preloading 0 native plugins for Editor in 0.00 ms.
Invoked RoslynAnalysisRunner static constructor.
RoslynAnalysisRunner will not be running.
RoslynAnalysisRunner has terminated.
Mono: successfully reloaded assembly
- Completed reload, in  6.230 seconds
Platform modules already initialized, skipping
Registering precompiled user dll's ...
Registered in 0.001757 seconds.
Begin MonoManager ReloadAssembly
Native extension for WindowsStandalone target not found
Native extension for WebGL target not found
Refreshing native plugins compatible for Editor in 87.24 ms, found 1 plugins.
Preloading 0 native plugins for Editor in 0.00 ms.
Invoked RoslynAnalysisRunner static constructor.
RoslynAnalysisRunner will not be running.
RoslynAnalysisRunner has terminated.
Mono: successfully reloaded assembly
- Completed reload, in  2.823 seconds
Platform modules already initialized, skipping
========================================================================
Worker process is ready to serve import requests
Launched and connected shader compiler UnityShaderCompiler.exe after 0.22 seconds
Refreshing native plugins compatible for Editor in 1.01 ms, found 1 plugins.
Preloading 0 native plugins for Editor in 0.00 ms.
Unloading 1810 Unused Serialized files (Serialized files now loaded: 0)
System memory in use before: 84.7 MB.
System memory in use after: 84.6 MB.

Unloading 24 unused Assets to reduce memory usage. Loaded Objects now: 2253.
Total: 4.100500 ms (FindLiveObjects: 0.570000 ms CreateObjectMapping: 0.273100 ms MarkObjects: 3.050000 ms  DeleteObjects: 0.204700 ms)

========================================================================
Received Import Request.
  path: Assets/Prefabs/coin.prefab
  artifactKey: Guid(405514607fae1194d99000f8d469ed9a) Importer(815301076,1909f56bfc062723c751e8b465ee728b)
Start importing Assets/Prefabs/coin.prefab using Guid(405514607fae1194d99000f8d469ed9a) Importer(815301076,1909f56bfc062723c751e8b465ee728b)  -> (artifact id: '926056f287f6f51ffd284ef77ffbecee') in 0.310760 seconds
  Import took 0.338781 seconds .

========================================================================
Received Prepare
Registering precompiled user dll's ...
Registered in 0.003100 seconds.
Begin MonoManager ReloadAssembly
Native extension for WindowsStandalone target not found
Native extension for WebGL target not found
Refreshing native plugins compatible for Editor in 0.54 ms, found 1 plugins.
Preloading 0 native plugins for Editor in 0.00 ms.
Invoked RoslynAnalysisRunner static constructor.
RoslynAnalysisRunner will not be running.
RoslynAnalysisRunner has terminated.
Mono: successfully reloaded assembly
- Completed reload, in  2.255 seconds
Platform modules already initialized, skipping
Refreshing native plugins compatible for Editor in 0.90 ms, found 1 plugins.
Preloading 0 native plugins for Editor in 0.00 ms.
Unloading 1805 Unused Serialized files (Serialized files now loaded: 0)
System memory in use before: 87.8 MB.
System memory in use after: 87.8 MB.

Unloading 12 unused Assets to reduce memory usage. Loaded Objects now: 2264.
Total: 4.962800 ms (FindLiveObjects: 0.388500 ms CreateObjectMapping: 0.105400 ms MarkObjects: 4.095400 ms  DeleteObjects: 0.370200 ms)

========================================================================
Received Prepare
Registering precompiled user dll's ...
Registered in 0.002176 seconds.
Begin MonoManager ReloadAssembly
Native extension for WindowsStandalone target not found
Native extension for WebGL target not found
Refreshing native plugins compatible for Editor in 0.52 ms, found 1 plugins.
Preloading 0 native plugins for Editor in 0.00 ms.
Invoked RoslynAnalysisRunner static constructor.
RoslynAnalysisRunner will not be running.
RoslynAnalysisRunner has terminated.
Mono: successfully reloaded assembly
- Completed reload, in  1.674 seconds
Platform modules already initialized, skipping
Refreshing native plugins compatible for Editor in 0.92 ms, found 1 plugins.
Preloading 0 native plugins for Editor in 0.00 ms.
Unloading 1805 Unused Serialized files (Serialized files now loaded: 0)
System memory in use before: 87.8 MB.
System memory in use after: 87.8 MB.

Unloading 12 unused Assets to reduce memory usage. Loaded Objects now: 2268.
Total: 5.539800 ms (FindLiveObjects: 0.694000 ms CreateObjectMapping: 0.218900 ms MarkObjects: 4.472100 ms  DeleteObjects: 0.150900 ms)

========================================================================
Received Prepare
Registering precompiled user dll's ...
Registered in 0.002197 seconds.
Begin MonoManager ReloadAssembly
Native extension for WindowsStandalone target not found
Native extension for WebGL target not found
Refreshing native plugins compatible for Editor in 0.71 ms, found 1 plugins.
Preloading 0 native plugins for Editor in 0.00 ms.
Invoked RoslynAnalysisRunner static constructor.
RoslynAnalysisRunner will not be running.
RoslynAnalysisRunner has terminated.
Mono: successfully reloaded assembly
- Completed reload, in  1.401 seconds
Platform modules already initialized, skipping
Refreshing native plugins compatible for Editor in 1.41 ms, found 1 plugins.
Preloading 0 native plugins for Editor in 0.00 ms.
Unloading 1805 Unused Serialized files (Serialized files now loaded: 0)
System memory in use before: 87.8 MB.
System memory in use after: 87.8 MB.

Unloading 12 unused Assets to reduce memory usage. Loaded Objects now: 2272.
Total: 4.768300 ms (FindLiveObjects: 0.293200 ms CreateObjectMapping: 0.081100 ms MarkObjects: 4.184600 ms  DeleteObjects: 0.207400 ms)

========================================================================
Received Prepare
Registering precompiled user dll's ...
Registered in 0.001841 seconds.
Begin MonoManager ReloadAssembly
Native extension for WindowsStandalone target not found
Native extension for WebGL target not found
Refreshing native plugins compatible for Editor in 0.59 ms, found 1 plugins.
Preloading 0 native plugins for Editor in 0.00 ms.
Invoked RoslynAnalysisRunner static constructor.
RoslynAnalysisRunner will not be running.
RoslynAnalysisRunner has terminated.
Mono: successfully reloaded assembly
- Completed reload, in  1.477 seconds
Platform modules already initialized, skipping
Refreshing native plugins compatible for Editor in 0.55 ms, found 1 plugins.
Preloading 0 native plugins for Editor in 0.00 ms.
Unloading 1805 Unused Serialized files (Serialized files now loaded: 0)
System memory in use before: 87.8 MB.
System memory in use after: 87.8 MB.

Unloading 12 unused Assets to reduce memory usage. Loaded Objects now: 2276.
Total: 3.234700 ms (FindLiveObjects: 0.310500 ms CreateObjectMapping: 0.063600 ms MarkObjects: 2.706500 ms  DeleteObjects: 0.152300 ms)

========================================================================
Received Prepare
Registering precompiled user dll's ...
Registered in 0.001429 seconds.
Begin MonoManager ReloadAssembly
Native extension for WindowsStandalone target not found
Native extension for WebGL target not found
Refreshing native plugins compatible for Editor in 0.89 ms, found 1 plugins.
Preloading 0 native plugins for Editor in 0.00 ms.
Invoked RoslynAnalysisRunner static constructor.
RoslynAnalysisRunner will not be running.
RoslynAnalysisRunner has terminated.
Mono: successfully reloaded assembly
- Completed reload, in  2.155 seconds
Platform modules already initialized, skipping
Refreshing native plugins compatible for Editor in 2.31 ms, found 1 plugins.
Preloading 0 native plugins for Editor in 0.00 ms.
Unloading 1805 Unused Serialized files (Serialized files now loaded: 0)
System memory in use before: 87.9 MB.
System memory in use after: 87.8 MB.

Unloading 12 unused Assets to reduce memory usage. Loaded Objects now: 2280.
Total: 7.432300 ms (FindLiveObjects: 0.410800 ms CreateObjectMapping: 0.083900 ms MarkObjects: 6.701600 ms  DeleteObjects: 0.232700 ms)

========================================================================
Received Import Request.
  Time since last request: 716.197660 seconds.
  path: Assets/Animations/Puzzle
  artifactKey: Guid(8856c4e7a1896e5498129e1311d6046b) Importer(815301076,1909f56bfc062723c751e8b465ee728b)
Start importing Assets/Animations/Puzzle using Guid(8856c4e7a1896e5498129e1311d6046b) Importer(815301076,1909f56bfc062723c751e8b465ee728b)  -> (artifact id: '6e6ed0de04a6dc2c390ba805c1de4187') in 0.031160 seconds
  Import took 0.039493 seconds .

========================================================================
Received Import Request.
  Time since last request: 0.773140 seconds.
  path: Assets/Animations/Puzzle/barrier_down.anim
  artifactKey: Guid(eba425b621bd33f4297acf4f890753fe) Importer(815301076,1909f56bfc062723c751e8b465ee728b)
Start importing Assets/Animations/Puzzle/barrier_down.anim using Guid(eba425b621bd33f4297acf4f890753fe) Importer(815301076,1909f56bfc062723c751e8b465ee728b)  -> (artifact id: '733338c07c2f2500f8e43e1ff9aa17ba') in 0.053994 seconds
  Import took 0.061579 seconds .

========================================================================
Received Import Request.
  Time since last request: 0.089832 seconds.
  path: Assets/Animations/Puzzle/barrier_down.anim
  artifactKey: Guid(eba425b621bd33f4297acf4f890753fe) Importer(815301076,1909f56bfc062723c751e8b465ee728b)
Start importing Assets/Animations/Puzzle/barrier_down.anim using Guid(eba425b621bd33f4297acf4f890753fe) Importer(815301076,1909f56bfc062723c751e8b465ee728b)  -> (artifact id: '733338c07c2f2500f8e43e1ff9aa17ba') in 0.010123 seconds
  Import took 0.021240 seconds .

========================================================================
Received Prepare
Registering precompiled user dll's ...
Registered in 0.002205 seconds.
Begin MonoManager ReloadAssembly
Native extension for WindowsStandalone target not found
Native extension for WebGL target not found
Refreshing native plugins compatible for Editor in 1.05 ms, found 1 plugins.
Preloading 0 native plugins for Editor in 0.00 ms.
Invoked RoslynAnalysisRunner static constructor.
RoslynAnalysisRunner will not be running.
RoslynAnalysisRunner has terminated.
Mono: successfully reloaded assembly
- Completed reload, in  2.054 seconds
Platform modules already initialized, skipping
Refreshing native plugins compatible for Editor in 1.21 ms, found 1 plugins.
Preloading 0 native plugins for Editor in 0.00 ms.
Unloading 1805 Unused Serialized files (Serialized files now loaded: 0)
System memory in use before: 87.9 MB.
System memory in use after: 87.9 MB.

Unloading 12 unused Assets to reduce memory usage. Loaded Objects now: 2284.
Total: 7.097900 ms (FindLiveObjects: 0.528900 ms CreateObjectMapping: 0.185300 ms MarkObjects: 6.101000 ms  DeleteObjects: 0.279700 ms)

========================================================================
Received Import Request.
  Time since last request: 344.935907 seconds.
  path: Assets/Sprites/miscellaneous sprites/buttom_pressed.png
  artifactKey: Guid(6be22e375a40a56428a1bc1ebeebe474) Importer(815301076,1909f56bfc062723c751e8b465ee728b)
Start importing Assets/Sprites/miscellaneous sprites/buttom_pressed.png using Guid(6be22e375a40a56428a1bc1ebeebe474) Importer(815301076,1909f56bfc062723c751e8b465ee728b)  -> (artifact id: '3d2478f6e4eb3cfe53127f0a558aee0d') in 0.408783 seconds
  Import took 0.417309 seconds .

========================================================================
Received Prepare
Registering precompiled user dll's ...
Registered in 0.002078 seconds.
Begin MonoManager ReloadAssembly
Native extension for WindowsStandalone target not found
Native extension for WebGL target not found
Refreshing native plugins compatible for Editor in 0.64 ms, found 1 plugins.
Preloading 0 native plugins for Editor in 0.00 ms.
Invoked RoslynAnalysisRunner static constructor.
RoslynAnalysisRunner will not be running.
RoslynAnalysisRunner has terminated.
Mono: successfully reloaded assembly
- Completed reload, in  1.868 seconds
Platform modules already initialized, skipping
Refreshing native plugins compatible for Editor in 0.74 ms, found 1 plugins.
Preloading 0 native plugins for Editor in 0.00 ms.
Unloading 1805 Unused Serialized files (Serialized files now loaded: 0)
System memory in use before: 87.9 MB.
System memory in use after: 87.9 MB.

Unloading 12 unused Assets to reduce memory usage. Loaded Objects now: 2292.
Total: 4.538600 ms (FindLiveObjects: 0.671400 ms CreateObjectMapping: 0.127600 ms MarkObjects: 3.506900 ms  DeleteObjects: 0.229800 ms)

========================================================================
Received Import Request.
  Time since last request: 349.794622 seconds.
  path: Assets/Scripts/PuzzleButtom.cs
  artifactKey: Guid(e7de292c4c9932140a6c5e46ba4459e8) Importer(815301076,1909f56bfc062723c751e8b465ee728b)
Start importing Assets/Scripts/PuzzleButtom.cs using Guid(e7de292c4c9932140a6c5e46ba4459e8) Importer(815301076,1909f56bfc062723c751e8b465ee728b)  -> (artifact id: 'd5f518f6e9511dc349945723fe608fd7') in 0.122250 seconds
  Import took 0.132682 seconds .

========================================================================
Received Prepare
Registering precompiled user dll's ...
Registered in 0.002108 seconds.
Begin MonoManager ReloadAssembly
Native extension for WindowsStandalone target not found
Native extension for WebGL target not found
Refreshing native plugins compatible for Editor in 1.21 ms, found 1 plugins.
Preloading 0 native plugins for Editor in 0.00 ms.
Invoked RoslynAnalysisRunner static constructor.
RoslynAnalysisRunner will not be running.
RoslynAnalysisRunner has terminated.
Mono: successfully reloaded assembly
- Completed reload, in  1.749 seconds
Platform modules already initialized, skipping
Refreshing native plugins compatible for Editor in 0.74 ms, found 1 plugins.
Preloading 0 native plugins for Editor in 0.00 ms.
Unloading 1806 Unused Serialized files (Serialized files now loaded: 0)
System memory in use before: 87.9 MB.
System memory in use after: 87.9 MB.

Unloading 12 unused Assets to reduce memory usage. Loaded Objects now: 2297.
Total: 6.092300 ms (FindLiveObjects: 0.508400 ms CreateObjectMapping: 0.177000 ms MarkObjects: 5.054800 ms  DeleteObjects: 0.349100 ms)

========================================================================
Received Import Request.
  Time since last request: 321.638835 seconds.
  path: ProjectSettings/TagManager.asset
  artifactKey: Guid(00000000000000003000000000000000) Importer(815301076,1909f56bfc062723c751e8b465ee728b)
Start importing ProjectSettings/TagManager.asset using Guid(00000000000000003000000000000000) Importer(815301076,1909f56bfc062723c751e8b465ee728b)  -> (artifact id: 'faa7b189d476acacd200cff31ad56c76') in 0.057225 seconds
  Import took 0.065186 seconds .

========================================================================
Received Import Request.
  Time since last request: 0.001940 seconds.
  path: ProjectSettings/TagManager.asset
  artifactKey: Guid(00000000000000003000000000000000) Importer(815301076,1909f56bfc062723c751e8b465ee728b)
Start importing ProjectSettings/TagManager.asset using Guid(00000000000000003000000000000000) Importer(815301076,1909f56bfc062723c751e8b465ee728b)  -> (artifact id: 'faa7b189d476acacd200cff31ad56c76') in 0.022710 seconds
  Import took 0.030764 seconds .

========================================================================
Received Prepare
Registering precompiled user dll's ...
Registered in 0.002287 seconds.
Begin MonoManager ReloadAssembly
Native extension for WindowsStandalone target not found
Native extension for WebGL target not found
Refreshing native plugins compatible for Editor in 0.68 ms, found 1 plugins.
Preloading 0 native plugins for Editor in 0.00 ms.
Invoked RoslynAnalysisRunner static constructor.
RoslynAnalysisRunner will not be running.
RoslynAnalysisRunner has terminated.
Mono: successfully reloaded assembly
- Completed reload, in  2.040 seconds
Platform modules already initialized, skipping
Refreshing native plugins compatible for Editor in 0.91 ms, found 1 plugins.
Preloading 0 native plugins for Editor in 0.00 ms.
Unloading 1806 Unused Serialized files (Serialized files now loaded: 0)
System memory in use before: 87.9 MB.
System memory in use after: 87.9 MB.

Unloading 14 unused Assets to reduce memory usage. Loaded Objects now: 2301.
Total: 5.251200 ms (FindLiveObjects: 0.406200 ms CreateObjectMapping: 0.103200 ms MarkObjects: 4.487100 ms  DeleteObjects: 0.251800 ms)

========================================================================
Received Prepare
Registering precompiled user dll's ...
Registered in 0.002099 seconds.
Begin MonoManager ReloadAssembly
Native extension for WindowsStandalone target not found
Native extension for WebGL target not found
Refreshing native plugins compatible for Editor in 1.04 ms, found 1 plugins.
Preloading 0 native plugins for Editor in 0.00 ms.
Invoked RoslynAnalysisRunner static constructor.
RoslynAnalysisRunner will not be running.
RoslynAnalysisRunner has terminated.
Mono: successfully reloaded assembly
- Completed reload, in  2.035 seconds
Platform modules already initialized, skipping
Refreshing native plugins compatible for Editor in 1.69 ms, found 1 plugins.
Preloading 0 native plugins for Editor in 0.00 ms.
Unloading 1806 Unused Serialized files (Serialized files now loaded: 0)
System memory in use before: 87.9 MB.
System memory in use after: 87.9 MB.

Unloading 12 unused Assets to reduce memory usage. Loaded Objects now: 2305.
Total: 5.959900 ms (FindLiveObjects: 0.613400 ms CreateObjectMapping: 0.174800 ms MarkObjects: 4.833700 ms  DeleteObjects: 0.334000 ms)

========================================================================
Received Import Request.
  Time since last request: 434.875810 seconds.
  path: Assets/Animations/Puzzle/strange_door_closed_anim.controller
  artifactKey: Guid(b6c9cbb203e7b3a4ab2957bfb49e360b) Importer(815301076,1909f56bfc062723c751e8b465ee728b)
Start importing Assets/Animations/Puzzle/strange_door_closed_anim.controller using Guid(b6c9cbb203e7b3a4ab2957bfb49e360b) Importer(815301076,1909f56bfc062723c751e8b465ee728b)  -> (artifact id: '0446701b768fea6a41e57ffc4960273e') in 0.064267 seconds
  Import took 0.073256 seconds .

========================================================================
Received Import Request.
  Time since last request: 56.481715 seconds.
  path: Assets/Animations/Puzzle/barrier_idle.anim
  artifactKey: Guid(4a1566eca18e43840ba3531f2326836c) Importer(815301076,1909f56bfc062723c751e8b465ee728b)
Start importing Assets/Animations/Puzzle/barrier_idle.anim using Guid(4a1566eca18e43840ba3531f2326836c) Importer(815301076,1909f56bfc062723c751e8b465ee728b)  -> (artifact id: 'adc9aa25019658ec313b6ae8b8b5e8fd') in 0.032971 seconds
  Import took 0.041439 seconds .

========================================================================
Received Prepare
Registering precompiled user dll's ...
Registered in 0.003662 seconds.
Begin MonoManager ReloadAssembly
Native extension for WindowsStandalone target not found
Native extension for WebGL target not found
Refreshing native plugins compatible for Editor in 1.25 ms, found 1 plugins.
Preloading 0 native plugins for Editor in 0.00 ms.
Invoked RoslynAnalysisRunner static constructor.
RoslynAnalysisRunner will not be running.
RoslynAnalysisRunner has terminated.
Mono: successfully reloaded assembly
- Completed reload, in  2.276 seconds
Platform modules already initialized, skipping
Refreshing native plugins compatible for Editor in 0.58 ms, found 1 plugins.
Preloading 0 native plugins for Editor in 0.00 ms.
Unloading 1806 Unused Serialized files (Serialized files now loaded: 0)
System memory in use before: 88.0 MB.
System memory in use after: 88.0 MB.

Unloading 12 unused Assets to reduce memory usage. Loaded Objects now: 2309.
Total: 3.502700 ms (FindLiveObjects: 0.292400 ms CreateObjectMapping: 0.079800 ms MarkObjects: 2.947600 ms  DeleteObjects: 0.180600 ms)

AssetImportWorkerClient::OnTransportError - code=2 error=End of file
